<monitor-rules>
	<rule id="decreasePercentage">
		<config starttime="00:00" endtime="24:00">
			<condition>
					<sub-condition type="DescPer" text="40"></sub-condition>
			</condition>
			<condition>
					<sub-condition type="DescVal" text="200"></sub-condition>
			</condition>
		</config>
	</rule>
	<rule id="decreaseValue">
		<config starttime="00:00" endtime="24:00">
			<condition>
					<sub-condition type="DescPer" text="40"></sub-condition>
					<sub-condition type="DescVal" text="200"></sub-condition>
			</condition>
			<condition>
					<sub-condition type="DescVal" text="95"></sub-condition>
			</condition>
		</config>
	</rule>
	<rule id="increasePercentage">
		<config starttime="00:00" endtime="24:00">
			<condition>
					<sub-condition type="DescPer" text="40"></sub-condition>
					<sub-condition type="DescVal" text="200"></sub-condition>
			</condition>
			<condition>
					<sub-condition type="AscPer" text="49"></sub-condition>
			</condition>
		</config>
	</rule>
	<rule id="increaseValue">
		<config starttime="00:00" endtime="24:00">
			<condition>
					<sub-condition type="DescPer" text="40"></sub-condition>
					<sub-condition type="DescVal" text="200"></sub-condition>
			</condition>
			<condition>
					<sub-condition type="AscVal" text="49"></sub-condition>
			</condition>
		</config>
	</rule>
	<rule id="absoluteMaxValue">
		<config starttime="00:00" endtime="24:00">
			<condition>
					<sub-condition type="DescPer" text="40"></sub-condition>
					<sub-condition type="DescVal" text="200"></sub-condition>
			</condition>
			<condition>
					<sub-condition type="MaxVal" text="450"></sub-condition>
			</condition>
		</config>
	</rule>
	<rule id="absoluteMinValue">
		<config starttime="00:00" endtime="24:00">
			<condition>
					<sub-condition type="DescPer" text="40"></sub-condition>
					<sub-condition type="DescVal" text="200"></sub-condition>
			</condition>
			<condition>
					<sub-condition type="MinVal" text="51"></sub-condition>
			</condition>
		</config>
	</rule>
	<rule id="conditionCombination">
		<config starttime="00:00" endtime="24:00">
			<condition>
					<sub-condition type="DescPer" text="400"></sub-condition>
			</condition>
			<condition>
					<sub-condition type="DescPer" text="400"></sub-condition>
					<sub-condition type="DescVal" text="900"></sub-condition>
			</condition>
			<condition>
					<sub-condition type="DescPer" text="40"></sub-condition>
					<sub-condition type="DescVal" text="80"></sub-condition>
			</condition>
		</config>
	</rule>
	<rule id="subconditionCombination">
		<config starttime="00:00" endtime="24:00">
			<condition>
					<sub-condition type="DescPer" text="400"></sub-condition>
			</condition>
			<condition>
					<sub-condition type="DescPer" text="400"></sub-condition>
					<sub-condition type="DescVal" text="900"></sub-condition>
			</condition>
			<condition>
					<sub-condition type="DescPer" text="40"></sub-condition>
					<sub-condition type="DescVal" text="200"></sub-condition>
					<sub-condition type="MinVal" text="10"></sub-condition>
			</condition>
		</config>
	</rule>
</monitor-rules>
